This is pdfTeX, Version 3.141592653-2.6-1.40.25 (MiKTeX 24.1) (preloaded format=pdflatex 2026.3.8)  10 MAR 2026 22:47
entering extended mode
 restricted \write18 enabled.
 %&-line parsing enabled.
**./translation.tex
(translation.tex
LaTeX2e <2023-11-01> patch level 1
L3 programming layer <2024-01-04>
(C:\Program Files\MiKTeX\tex/latex/base\article.cls
Document Class: article 2023/05/17 v1.4n Standard LaTeX document class
(C:\Program Files\MiKTeX\tex/latex/base\size10.clo
File: size10.clo 2023/05/17 v1.4n Standard LaTeX file (size option)
)
\c@part=\count187
\c@section=\count188
\c@subsection=\count189
\c@subsubsection=\count190
\c@paragraph=\count191
\c@subparagraph=\count192
\c@figure=\count193
\c@table=\count194
\abovecaptionskip=\skip48
\belowcaptionskip=\skip49
\bibindent=\dimen140
)
(C:\Program Files\MiKTeX\tex/latex/base\inputenc.sty
Package: inputenc 2021/02/14 v1.3d Input encoding file
\inpenc@prehook=\toks17
\inpenc@posthook=\toks18
)
(C:\Program Files\MiKTeX\tex/latex/base\fontenc.sty
Package: fontenc 2021/04/29 v2.0v Standard LaTeX package

(C:\Users\Asus\AppData\Roaming\MiKTeX\tex/latex/cyrillic\t2aenc.def
File: t2aenc.def 2023/11/07 v1.0k Cyrillic encoding definition file
Now handling font encoding T2A ...
... processing UTF-8 mapping file for font encoding T2A

(C:\Program Files\MiKTeX\tex/latex/base\t2aenc.dfu
File: t2aenc.dfu 2022/06/07 v1.3c UTF-8 support
   defining Unicode char U+00A4 (decimal 164)
   defining Unicode char U+00A7 (decimal 167)
   defining Unicode char U+00AB (decimal 171)
   defining Unicode char U+00BB (decimal 187)
   defining Unicode char U+0131 (decimal 305)
   defining Unicode char U+0237 (decimal 567)
   defining Unicode char U+0400 (decimal 1024)
   defining Unicode char U+0401 (decimal 1025)
   defining Unicode char U+0402 (decimal 1026)
   defining Unicode char U+0403 (decimal 1027)
   defining Unicode char U+0404 (decimal 1028)
   defining Unicode char U+0405 (decimal 1029)
   defining Unicode char U+0406 (decimal 1030)
   defining Unicode char U+0407 (decimal 1031)
   defining Unicode char U+0408 (decimal 1032)
   defining Unicode char U+0409 (decimal 1033)
   defining Unicode char U+040A (decimal 1034)
   defining Unicode char U+040B (decimal 1035)
   defining Unicode char U+040C (decimal 1036)
   defining Unicode char U+040D (decimal 1037)
   defining Unicode char U+040E (decimal 1038)
   defining Unicode char U+040F (decimal 1039)
   defining Unicode char U+0410 (decimal 1040)
   defining Unicode char U+0411 (decimal 1041)
   defining Unicode char U+0412 (decimal 1042)
   defining Unicode char U+0413 (decimal 1043)
   defining Unicode char U+0414 (decimal 1044)
   defining Unicode char U+0415 (decimal 1045)
   defining Unicode char U+0416 (decimal 1046)
   defining Unicode char U+0417 (decimal 1047)
   defining Unicode char U+0418 (decimal 1048)
   defining Unicode char U+0419 (decimal 1049)
   defining Unicode char U+041A (decimal 1050)
   defining Unicode char U+041B (decimal 1051)
   defining Unicode char U+041C (decimal 1052)
   defining Unicode char U+041D (decimal 1053)
   defining Unicode char U+041E (decimal 1054)
   defining Unicode char U+041F (decimal 1055)
   defining Unicode char U+0420 (decimal 1056)
   defining Unicode char U+0421 (decimal 1057)
   defining Unicode char U+0422 (decimal 1058)
   defining Unicode char U+0423 (decimal 1059)
   defining Unicode char U+0424 (decimal 1060)
   defining Unicode char U+0425 (decimal 1061)
   defining Unicode char U+0426 (decimal 1062)
   defining Unicode char U+0427 (decimal 1063)
   defining Unicode char U+0428 (decimal 1064)
   defining Unicode char U+0429 (decimal 1065)
   defining Unicode char U+042A (decimal 1066)
   defining Unicode char U+042B (decimal 1067)
   defining Unicode char U+042C (decimal 1068)
   defining Unicode char U+042D (decimal 1069)
   defining Unicode char U+042E (decimal 1070)
   defining Unicode char U+042F (decimal 1071)
   defining Unicode char U+0430 (decimal 1072)
   defining Unicode char U+0431 (decimal 1073)
   defining Unicode char U+0432 (decimal 1074)
   defining Unicode char U+0433 (decimal 1075)
   defining Unicode char U+0434 (decimal 1076)
   defining Unicode char U+0435 (decimal 1077)
   defining Unicode char U+0436 (decimal 1078)
   defining Unicode char U+0437 (decimal 1079)
   defining Unicode char U+0438 (decimal 1080)
   defining Unicode char U+0439 (decimal 1081)
   defining Unicode char U+043A (decimal 1082)
   defining Unicode char U+043B (decimal 1083)
   defining Unicode char U+043C (decimal 1084)
   defining Unicode char U+043D (decimal 1085)
   defining Unicode char U+043E (decimal 1086)
   defining Unicode char U+043F (decimal 1087)
   defining Unicode char U+0440 (decimal 1088)
   defining Unicode char U+0441 (decimal 1089)
   defining Unicode char U+0442 (decimal 1090)
   defining Unicode char U+0443 (decimal 1091)
   defining Unicode char U+0444 (decimal 1092)
   defining Unicode char U+0445 (decimal 1093)
   defining Unicode char U+0446 (decimal 1094)
   defining Unicode char U+0447 (decimal 1095)
   defining Unicode char U+0448 (decimal 1096)
   defining Unicode char U+0449 (decimal 1097)
   defining Unicode char U+044A (decimal 1098)
   defining Unicode char U+044B (decimal 1099)
   defining Unicode char U+044C (decimal 1100)
   defining Unicode char U+044D (decimal 1101)
   defining Unicode char U+044E (decimal 1102)
   defining Unicode char U+044F (decimal 1103)
   defining Unicode char U+0450 (decimal 1104)
   defining Unicode char U+0451 (decimal 1105)
   defining Unicode char U+0452 (decimal 1106)
   defining Unicode char U+0453 (decimal 1107)
   defining Unicode char U+0454 (decimal 1108)
   defining Unicode char U+0455 (decimal 1109)
   defining Unicode char U+0456 (decimal 1110)
   defining Unicode char U+0457 (decimal 1111)
   defining Unicode char U+0458 (decimal 1112)
   defining Unicode char U+0459 (decimal 1113)
   defining Unicode char U+045A (decimal 1114)
   defining Unicode char U+045B (decimal 1115)
   defining Unicode char U+045C (decimal 1116)
   defining Unicode char U+045D (decimal 1117)
   defining Unicode char U+045E (decimal 1118)
   defining Unicode char U+045F (decimal 1119)
   defining Unicode char U+0490 (decimal 1168)
   defining Unicode char U+0491 (decimal 1169)
   defining Unicode char U+0492 (decimal 1170)
   defining Unicode char U+0493 (decimal 1171)
   defining Unicode char U+0496 (decimal 1174)
   defining Unicode char U+0497 (decimal 1175)
   defining Unicode char U+0498 (decimal 1176)
   defining Unicode char U+0499 (decimal 1177)
   defining Unicode char U+049A (decimal 1178)
   defining Unicode char U+049B (decimal 1179)
   defining Unicode char U+049C (decimal 1180)
   defining Unicode char U+049D (decimal 1181)
   defining Unicode char U+04A0 (decimal 1184)
   defining Unicode char U+04A1 (decimal 1185)
   defining Unicode char U+04A2 (decimal 1186)
   defining Unicode char U+04A3 (decimal 1187)
   defining Unicode char U+04A4 (decimal 1188)
   defining Unicode char U+04A5 (decimal 1189)
   defining Unicode char U+04AA (decimal 1194)
   defining Unicode char U+04AB (decimal 1195)
   defining Unicode char U+04AE (decimal 1198)
   defining Unicode char U+04AF (decimal 1199)
   defining Unicode char U+04B0 (decimal 1200)
   defining Unicode char U+04B1 (decimal 1201)
   defining Unicode char U+04B2 (decimal 1202)
   defining Unicode char U+04B3 (decimal 1203)
   defining Unicode char U+04B6 (decimal 1206)
   defining Unicode char U+04B7 (decimal 1207)
   defining Unicode char U+04B8 (decimal 1208)
   defining Unicode char U+04B9 (decimal 1209)
   defining Unicode char U+04BA (decimal 1210)
   defining Unicode char U+04BB (decimal 1211)
   defining Unicode char U+04C0 (decimal 1216)
   defining Unicode char U+04C1 (decimal 1217)
   defining Unicode char U+04C2 (decimal 1218)
   defining Unicode char U+04D0 (decimal 1232)
   defining Unicode char U+04D1 (decimal 1233)
   defining Unicode char U+04D2 (decimal 1234)
   defining Unicode char U+04D3 (decimal 1235)
   defining Unicode char U+04D4 (decimal 1236)
   defining Unicode char U+04D5 (decimal 1237)
   defining Unicode char U+04D6 (decimal 1238)
   defining Unicode char U+04D7 (decimal 1239)
   defining Unicode char U+04D8 (decimal 1240)
   defining Unicode char U+04D9 (decimal 1241)
   defining Unicode char U+04DA (decimal 1242)
   defining Unicode char U+04DB (decimal 1243)
   defining Unicode char U+04DC (decimal 1244)
   defining Unicode char U+04DD (decimal 1245)
   defining Unicode char U+04DE (decimal 1246)
   defining Unicode char U+04DF (decimal 1247)
   defining Unicode char U+04E2 (decimal 1250)
   defining Unicode char U+04E3 (decimal 1251)
   defining Unicode char U+04E4 (decimal 1252)
   defining Unicode char U+04E5 (decimal 1253)
   defining Unicode char U+04E6 (decimal 1254)
   defining Unicode char U+04E7 (decimal 1255)
   defining Unicode char U+04E8 (decimal 1256)
   defining Unicode char U+04E9 (decimal 1257)
   defining Unicode char U+04EC (decimal 1260)
   defining Unicode char U+04ED (decimal 1261)
   defining Unicode char U+04EE (decimal 1262)
   defining Unicode char U+04EF (decimal 1263)
   defining Unicode char U+04F0 (decimal 1264)
   defining Unicode char U+04F1 (decimal 1265)
   defining Unicode char U+04F2 (decimal 1266)
   defining Unicode char U+04F3 (decimal 1267)
   defining Unicode char U+04F4 (decimal 1268)
   defining Unicode char U+04F5 (decimal 1269)
   defining Unicode char U+04F8 (decimal 1272)
   defining Unicode char U+04F9 (decimal 1273)
   defining Unicode char U+200C (decimal 8204)
   defining Unicode char U+2013 (decimal 8211)
   defining Unicode char U+2014 (decimal 8212)
   defining Unicode char U+2018 (decimal 8216)
   defining Unicode char U+2019 (decimal 8217)
   defining Unicode char U+201C (decimal 8220)
   defining Unicode char U+201D (decimal 8221)
   defining Unicode char U+201E (decimal 8222)
   defining Unicode char U+2030 (decimal 8240)
   defining Unicode char U+2031 (decimal 8241)
   defining Unicode char U+2116 (decimal 8470)
   defining Unicode char U+2329 (decimal 9001)
   defining Unicode char U+3008 (decimal 12296)
   defining Unicode char U+232A (decimal 9002)
   defining Unicode char U+3009 (decimal 12297)
   defining Unicode char U+2423 (decimal 9251)
   defining Unicode char U+27E8 (decimal 10216)
   defining Unicode char U+27E9 (decimal 10217)
   defining Unicode char U+FB00 (decimal 64256)
   defining Unicode char U+FB01 (decimal 64257)
   defining Unicode char U+FB02 (decimal 64258)
   defining Unicode char U+FB03 (decimal 64259)
   defining Unicode char U+FB04 (decimal 64260)
   defining Unicode char U+FB05 (decimal 64261)
   defining Unicode char U+FB06 (decimal 64262)
))
LaTeX Font Info:    Trying to load font information for T2A+cmr on input line 1
12.

(C:\Users\Asus\AppData\Roaming\MiKTeX\tex/latex/cyrillic\t2acmr.fd
File: t2acmr.fd 2001/08/11 v1.0a Computer Modern Cyrillic font definitions
))
(C:\Program Files\MiKTeX\tex/generic/babel\babel.sty
Package: babel 2024/01/07 v24.1 The Babel package
\babel@savecnt=\count195
\U@D=\dimen141
\l@unhyphenated=\language79

(C:\Program Files\MiKTeX\tex/generic/babel\txtbabel.def)
\bbl@readstream=\read2
\bbl@dirlevel=\count196

*************************************
* Local config file bblopts.cfg used
*
(C:\Program Files\MiKTeX\tex/latex/arabi\bblopts.cfg
File: bblopts.cfg 2005/09/08 v0.1 add Arabic and Farsi to "declared" options of
 babel
)
(C:\Users\Asus\AppData\Roaming\MiKTeX\tex/latex/babel-russian\russianb.ldf
File: russianb.ldf 2021/01/10 1.3m Russian support for the Babel system
Language: russian 2020/09/09 1.3k Russian support for the Babel system
Package babel Info: Making " an active character on input line 124.
Package babel Info: Default for \cyrdash is provided on input line 163.
))
(C:\Program Files\MiKTeX\tex/generic/babel/locale/ru\babel-russian.tex
Package babel Info: Importing font and identification data for russian
(babel)             from babel-ru.ini. Reported on input line 11.
)
(C:\Program Files\MiKTeX\tex/latex/amsmath\amsmath.sty
Package: amsmath 2023/05/13 v2.17o AMS math features
\@mathmargin=\skip50

For additional information on amsmath, use the `?' option.
(C:\Program Files\MiKTeX\tex/latex/amsmath\amstext.sty
Package: amstext 2021/08/26 v2.01 AMS text

(C:\Program Files\MiKTeX\tex/latex/amsmath\amsgen.sty
File: amsgen.sty 1999/11/30 v2.0 generic functions
\@emptytoks=\toks19
\ex@=\dimen142
))
(C:\Program Files\MiKTeX\tex/latex/amsmath\amsbsy.sty
Package: amsbsy 1999/11/29 v1.2d Bold Symbols
\pmbraise@=\dimen143
)
(C:\Program Files\MiKTeX\tex/latex/amsmath\amsopn.sty
Package: amsopn 2022/04/08 v2.04 operator names
)
\inf@bad=\count197
LaTeX Info: Redefining \frac on input line 234.
\uproot@=\count198
\leftroot@=\count199
LaTeX Info: Redefining \overline on input line 399.
LaTeX Info: Redefining \colon on input line 410.
\classnum@=\count266
\DOTSCASE@=\count267
LaTeX Info: Redefining \ldots on input line 496.
LaTeX Info: Redefining \dots on input line 499.
LaTeX Info: Redefining \cdots on input line 620.
\Mathstrutbox@=\box51
\strutbox@=\box52
LaTeX Info: Redefining \big on input line 722.
LaTeX Info: Redefining \Big on input line 723.
LaTeX Info: Redefining \bigg on input line 724.
LaTeX Info: Redefining \Bigg on input line 725.
\big@size=\dimen144
LaTeX Font Info:    Redeclaring font encoding OML on input line 743.
LaTeX Font Info:    Redeclaring font encoding OMS on input line 744.
\macc@depth=\count268
LaTeX Info: Redefining \bmod on input line 905.
LaTeX Info: Redefining \pmod on input line 910.
LaTeX Info: Redefining \smash on input line 940.
LaTeX Info: Redefining \relbar on input line 970.
LaTeX Info: Redefining \Relbar on input line 971.
\c@MaxMatrixCols=\count269
\dotsspace@=\muskip16
\c@parentequation=\count270
\dspbrk@lvl=\count271
\tag@help=\toks20
\row@=\count272
\column@=\count273
\maxfields@=\count274
\andhelp@=\toks21
\eqnshift@=\dimen145
\alignsep@=\dimen146
\tagshift@=\dimen147
\tagwidth@=\dimen148
\totwidth@=\dimen149
\lineht@=\dimen150
\@envbody=\toks22
\multlinegap=\skip51
\multlinetaggap=\skip52
\mathdisplay@stack=\toks23
LaTeX Info: Redefining \[ on input line 2953.
LaTeX Info: Redefining \] on input line 2954.
)
(C:\Program Files\MiKTeX\tex/latex/amsfonts\amssymb.sty
Package: amssymb 2013/01/14 v3.01 AMS font symbols

(C:\Program Files\MiKTeX\tex/latex/amsfonts\amsfonts.sty
Package: amsfonts 2013/01/14 v3.01 Basic AMSFonts support
\symAMSa=\mathgroup4
\symAMSb=\mathgroup5
LaTeX Font Info:    Redeclaring math symbol \hbar on input line 98.
LaTeX Font Info:    Overwriting math alphabet `\mathfrak' in version `bold'
(Font)                  U/euf/m/n --> U/euf/b/n on input line 106.
))
(C:\Program Files\MiKTeX\tex/latex/graphics\graphicx.sty
Package: graphicx 2021/09/16 v1.2d Enhanced LaTeX Graphics (DPC,SPQR)

(C:\Program Files\MiKTeX\tex/latex/graphics\keyval.sty
Package: keyval 2022/05/29 v1.15 key=value parser (DPC)
\KV@toks@=\toks24
)
(C:\Program Files\MiKTeX\tex/latex/graphics\graphics.sty
Package: graphics 2022/03/10 v1.4e Standard LaTeX Graphics (DPC,SPQR)

(C:\Program Files\MiKTeX\tex/latex/graphics\trig.sty
Package: trig 2021/08/11 v1.11 sin cos tan (DPC)
)
(C:\Program Files\MiKTeX\tex/latex/graphics-cfg\graphics.cfg
File: graphics.cfg 2016/06/04 v1.11 sample graphics configuration
)
Package graphics Info: Driver file: pdftex.def on input line 107.

(C:\Program Files\MiKTeX\tex/latex/graphics-def\pdftex.def
File: pdftex.def 2022/09/22 v1.2b Graphics/color driver for pdftex
))
\Gin@req@height=\dimen151
\Gin@req@width=\dimen152
)
(C:\Users\Asus\AppData\Roaming\MiKTeX\tex/latex/geometry\geometry.sty
Package: geometry 2020/01/02 v5.9 Page Geometry

(C:\Program Files\MiKTeX\tex/generic/iftex\ifvtex.sty
Package: ifvtex 2019/10/25 v1.7 ifvtex legacy package. Use iftex instead.

(C:\Program Files\MiKTeX\tex/generic/iftex\iftex.sty
Package: iftex 2022/02/03 v1.0f TeX engine tests
))
\Gm@cnth=\count275
\Gm@cntv=\count276
\c@Gm@tempcnt=\count277
\Gm@bindingoffset=\dimen153
\Gm@wd@mp=\dimen154
\Gm@odd@mp=\dimen155
\Gm@even@mp=\dimen156
\Gm@layoutwidth=\dimen157
\Gm@layoutheight=\dimen158
\Gm@layouthoffset=\dimen159
\Gm@layoutvoffset=\dimen160
\Gm@dimlist=\toks25

(C:\Users\Asus\AppData\Roaming\MiKTeX\tex/latex/geometry\geometry.cfg))
(C:\Users\Asus\AppData\Roaming\MiKTeX\tex/latex/amscls\amsthm.sty
Package: amsthm 2020/05/29 v2.20.6
\thm@style=\toks26
\thm@bodyfont=\toks27
\thm@headfont=\toks28
\thm@notefont=\toks29
\thm@headpunct=\toks30
\thm@preskip=\skip53
\thm@postskip=\skip54
\thm@headsep=\skip55
\dth@everypar=\toks31
)
(C:\Users\Asus\AppData\Roaming\MiKTeX\tex/latex/float\float.sty
Package: float 2001/11/08 v1.3d Float enhancements (AL)
\c@float@type=\count278
\float@exts=\toks32
\float@box=\box53
\@float@everytoks=\toks33
\@floatcapt=\box54
)
\c@proposition=\count279
\c@remark=\count280

(C:\Program Files\MiKTeX\tex/latex/l3backend\l3backend-pdftex.def
File: l3backend-pdftex.def 2024-01-04 L3 backend support: PDF output (pdfTeX)
\l__color_backend_stack_int=\count281
\l__pdf_internal_box=\box55
)
(translation.aux)
\openout1 = `translation.aux'.

LaTeX Font Info:    Checking defaults for OML/cmm/m/it on input line 28.
LaTeX Font Info:    ... okay on input line 28.
LaTeX Font Info:    Checking defaults for OMS/cmsy/m/n on input line 28.
LaTeX Font Info:    ... okay on input line 28.
LaTeX Font Info:    Checking defaults for OT1/cmr/m/n on input line 28.
LaTeX Font Info:    ... okay on input line 28.
LaTeX Font Info:    Checking defaults for T1/cmr/m/n on input line 28.
LaTeX Font Info:    ... okay on input line 28.
LaTeX Font Info:    Checking defaults for TS1/cmr/m/n on input line 28.
LaTeX Font Info:    ... okay on input line 28.
LaTeX Font Info:    Checking defaults for OMX/cmex/m/n on input line 28.
LaTeX Font Info:    ... okay on input line 28.
LaTeX Font Info:    Checking defaults for U/cmr/m/n on input line 28.
LaTeX Font Info:    ... okay on input line 28.
LaTeX Font Info:    Checking defaults for T2A/cmr/m/n on input line 28.
LaTeX Font Info:    ... okay on input line 28.
LaTeX Info: Redefining \th on input line 28.
 (C:\Program Files\MiKTeX\tex/context/base/mkii\supp-pdf.mkii
[Loading MPS to PDF converter (version 2006.09.02).]
\scratchcounter=\count282
\scratchdimen=\dimen161
\scratchbox=\box56
\nofMPsegments=\count283
\nofMParguments=\count284
\everyMPshowfont=\toks34
\MPscratchCnt=\count285
\MPscratchDim=\dimen162
\MPnumerator=\count286
\makeMPintoPDFobject=\count287
\everyMPtoPDFconversion=\toks35
) (C:\Program Files\MiKTeX\tex/latex/epstopdf-pkg\epstopdf-base.sty
Package: epstopdf-base 2020-01-24 v2.11 Base part for package epstopdf
Package epstopdf-base Info: Redefining graphics rule for `.eps' on input line 4
85.

(C:\Program Files\MiKTeX\tex/latex/00miktex\epstopdf-sys.cfg
File: epstopdf-sys.cfg 2021/03/18 v2.0 Configuration of epstopdf for MiKTeX
))
*geometry* driver: auto-detecting
*geometry* detected driver: pdftex
*geometry* verbose mode - [ preamble ] result:
* driver: pdftex
* paper: a4paper
* layout: <same size as paper>
* layoutoffset:(h,v)=(0.0pt,0.0pt)
* modes: 
* h-part:(L,W,R)=(56.9055pt, 483.69687pt, 56.9055pt)
* v-part:(T,H,B)=(56.9055pt, 731.23584pt, 56.9055pt)
* \paperwidth=597.50787pt
* \paperheight=845.04684pt
* \textwidth=483.69687pt
* \textheight=731.23584pt
* \oddsidemargin=-15.36449pt
* \evensidemargin=-15.36449pt
* \topmargin=-52.36449pt
* \headheight=12.0pt
* \headsep=25.0pt
* \topskip=10.0pt
* \footskip=30.0pt
* \marginparwidth=4.0pt
* \marginparsep=10.0pt
* \columnsep=10.0pt
* \skip\footins=9.0pt plus 4.0pt minus 2.0pt
* \hoffset=0.0pt
* \voffset=0.0pt
* \mag=1000
* \@twocolumntrue
* \@twosidefalse
* \@mparswitchfalse
* \@reversemarginfalse
* (1in=72.27pt=25.4mm, 1cm=28.453pt)

LaTeX Font Info:    Trying to load font information for U+msa on input line 37.

(C:\Program Files\MiKTeX\tex/latex/amsfonts\umsa.fd
File: umsa.fd 2013/01/14 v3.01 AMS symbols A
)
LaTeX Font Info:    Trying to load font information for U+msb on input line 37.


(C:\Program Files\MiKTeX\tex/latex/amsfonts\umsb.fd
File: umsb.fd 2013/01/14 v3.01 AMS symbols B
)
Underfull \vbox (badness 2512) has occurred while \output is active []


Underfull \vbox (badness 3088) has occurred while \output is active []

 [1{C:/Users/Asus/AppData/Local/MiKTeX/fonts/map/pdftex/pdftex.map}


]

LaTeX Warning: Citation `6' on page 2 undefined on input line 56.


LaTeX Warning: Citation `36' on page 2 undefined on input line 56.


Underfull \hbox (badness 4454) in paragraph at lines 56--57
\T2A/cmr/m/n/10 ¬ этом раз-де-ле мы рас-смат-ри-ва-ем начально-
 []


Overfull \hbox (0.80669pt too wide) detected at line 67
[][]\OT1/cmr/m/n/10 (\OML/cmm/m/it/10 ^^Z\OT1/cmr/bx/n/10 u\OT1/cmr/m/n/10 ) + 
[](\OML/cmm/m/it/10 ^^Z\OT1/cmr/bx/n/10 u \OMS/cmsy/m/n/10 
 \OT1/cmr/bx/n/10 u\OT1/cmr/m/n/10 ) + [] \OML/cmm/m/it/10 p \OT1/cmr/m/n/10 = 
0\OML/cmm/m/it/10 ;  \OT1/cmr/bx/n/10 x \OMS/cmsy/m/n/10 2 \OT1/cmr/m/n/10 
\OML/cmm/m/it/10 ;  \OT1/cmr/m/n/10 0 \OML/cmm/m/it/10 < t \OMS/cmsy/m/n/10 ^^T
 \OML/cmm/m/it/10 T;
 []


Underfull \hbox (badness 10000) in paragraph at lines 80--81
[]\T2A/cmr/m/n/10 Ќепосредственное ин-те-гри-ро-ва-ние урав-не-ни€
 []

[2]
Underfull \hbox (badness 3668) in paragraph at lines 88--90
\T2A/cmr/m/n/10 јналогично опре-де-л€-ет-с€ про-стран-ство вектор-
 []


Overfull \hbox (4.42868pt too wide) detected at line 119
[]\OML/cmm/m/it/10 p\OT1/cmr/m/n/10 (\OML/cmm/m/it/10 ^^Z\OT1/cmr/m/n/10 ) = \O
ML/cmm/m/it/10 a^^Z[];  \OT1/cmr/m/n/10 ^^E(\OML/cmm/m/it/10 ^^Z\OT1/cmr/m/n/10
 ) = \OML/cmm/m/it/10 a[];  a \OT1/cmr/m/n/10 = [] \OML/cmm/m/it/10 > \OT1/cmr/
m/n/10 0\OML/cmm/m/it/10 ;  ^^M > \OT1/cmr/m/n/10 1\OML/cmm/m/it/10 :
 []


Underfull \hbox (badness 10000) in paragraph at lines 123--125
\T2A/cmr/m/n/10 »нтегрирование ре-нор-ма-ли-зо-ван-но-го урав-не-ни€
 []


Underfull \hbox (badness 10000) in paragraph at lines 138--138
[]\T2A/cmr/bx/n/12 ќператорно-дифференциальна€
 []

[3]
Underfull \hbox (badness 1521) in paragraph at lines 183--184
[]\T2A/cmr/m/n/10 ƒл€ двух- и трех-мер-ных век-тор-ных ве-ли-чин
 []


Overfull \hbox (114.32365pt too wide) detected at line 209
[][] \OT1/cmr/m/n/10 + \OML/cmm/m/it/10 A\OT1/cmr/m/n/10 (\OT1/cmr/bx/n/10 u[]\
OT1/cmr/m/n/10 )(\OML/cmm/m/it/10 ^^Z[]\OT1/cmr/bx/n/10 u[]\OT1/cmr/m/n/10 ) + 
[] \OML/cmm/m/it/10 p\OT1/cmr/m/n/10 (\OML/cmm/m/it/10 ^^Z[]\OT1/cmr/m/n/10 ) =
 0\OML/cmm/m/it/10 ;  n \OT1/cmr/m/n/10 = 0\OML/cmm/m/it/10 ; \OT1/cmr/m/n/10 1
\OML/cmm/m/it/10 ; [] ; N \OMS/cmsy/m/n/10 ^^@ \OT1/cmr/m/n/10 1\OML/cmm/m/it/1
0 ;
 []


Underfull \hbox (badness 1924) in paragraph at lines 215--216
\T2A/cmr/bx/n/10 ѕредположение 1 \T2A/cmr/m/n/10 (\T2A/cmr/bx/n/10 ѕредположени
е 1\T2A/cmr/m/n/10 )\T2A/cmr/bx/n/10 . \T2A/cmr/m/it/10 Ќа
 []


Overfull \hbox (57.15211pt too wide) detected at line 225
[]\OT1/cmr/m/n/10 (\OML/cmm/m/it/10 ^^Z[]\OT1/cmr/bx/n/10 u[]\OML/cmm/m/it/10 ;
 \OT1/cmr/m/n/10 1) = (\OML/cmm/m/it/10 ^^Z[]\OT1/cmr/bx/n/10 u[]\OML/cmm/m/it/
10 ; \OT1/cmr/m/n/10 1) \OMS/cmsy/m/n/10 ^^@ \OML/cmm/m/it/10 ^^\ [][] p\OT1/cm
r/m/n/10 (\OML/cmm/m/it/10 ^^Z[]\OT1/cmr/m/n/10 )\OT1/cmr/bx/n/10 n \OML/cmm/m/
it/10 d\OT1/cmr/bx/n/10 x\OML/cmm/m/it/10 ;  n \OT1/cmr/m/n/10 = 0\OML/cmm/m/it
/10 ; \OT1/cmr/m/n/10 1\OML/cmm/m/it/10 ; [] ; N \OMS/cmsy/m/n/10 ^^@ \OT1/cmr/
m/n/10 1\OML/cmm/m/it/10 ;
 []


Overfull \hbox (128.68181pt too wide) detected at line 231
[][][]\OML/cmm/m/it/10 ; \OT1/cmr/bx/n/10 u[][] \OT1/cmr/m/n/10 + (\OML/cmm/m/i
t/10 A\OT1/cmr/m/n/10 (\OT1/cmr/bx/n/10 u[]\OT1/cmr/m/n/10 )(\OML/cmm/m/it/10 ^
^Z[]\OT1/cmr/bx/n/10 u[]\OT1/cmr/m/n/10 )\OML/cmm/m/it/10 ; \OT1/cmr/bx/n/10 u[
]\OT1/cmr/m/n/10 ) + ([] \OML/cmm/m/it/10 p\OT1/cmr/m/n/10 (\OML/cmm/m/it/10 ^^
Z[]\OT1/cmr/m/n/10 )\OML/cmm/m/it/10 ; \OT1/cmr/bx/n/10 u[]\OT1/cmr/m/n/10 ) = 
0\OML/cmm/m/it/10 :
 []


Overfull \hbox (93.04765pt too wide) detected at line 242
[][]
 []


Overfull \hbox (248.74776pt too wide) detected at line 247
[][][][]\OML/cmm/m/it/10 ; \OT1/cmr/m/n/10 1[] + [][][]\OML/cmm/m/it/10 ; \OMS/
cmsy/m/n/10 j\OT1/cmr/bx/n/10 u[]\OMS/cmsy/m/n/10 j[][] \OT1/cmr/m/n/10 + (\OML
/cmm/m/it/10 A\OT1/cmr/m/n/10 (\OT1/cmr/bx/n/10 u[]\OT1/cmr/m/n/10 )(\OML/cmm/m
/it/10 ^^Z[]\OT1/cmr/bx/n/10 u[]\OT1/cmr/m/n/10 )\OML/cmm/m/it/10 ; \OT1/cmr/bx
/n/10 u[]\OT1/cmr/m/n/10 ) + ([] \OML/cmm/m/it/10 p\OT1/cmr/m/n/10 (\OML/cmm/m/
it/10 ^^Z[]\OT1/cmr/m/n/10 )\OML/cmm/m/it/10 ; \OT1/cmr/bx/n/10 u[]\OT1/cmr/m/n
/10 ) \OMS/cmsy/m/n/10 ^^T \OT1/cmr/m/n/10 0\OML/cmm/m/it/10 :
 []


Overfull \hbox (268.28418pt too wide) detected at line 252
[][][]\OML/cmm/m/it/10 ; \OMS/cmsy/m/n/10 j\OT1/cmr/bx/n/10 u[]\OMS/cmsy/m/n/10
 j[][] \OT1/cmr/m/n/10 + (\OML/cmm/m/it/10 A\OT1/cmr/m/n/10 (\OT1/cmr/bx/n/10 u
[]\OT1/cmr/m/n/10 )(\OML/cmm/m/it/10 ^^Z[]\OT1/cmr/bx/n/10 u[]\OT1/cmr/m/n/10 )
\OML/cmm/m/it/10 ; \OT1/cmr/bx/n/10 u[]\OT1/cmr/m/n/10 ) = (\OML/cmm/m/it/10 A\
OT1/cmr/m/n/10 (\OT1/cmr/bx/n/10 u[]\OT1/cmr/m/n/10 )(\OML/cmm/m/it/10 ^^Z[]\OT
1/cmr/bx/n/10 u[]\OT1/cmr/m/n/10 )\OML/cmm/m/it/10 ; \OT1/cmr/bx/n/10 u[]\OT1/c
mr/m/n/10 ) \OMS/cmsy/m/n/10 ^^@ []\OT1/cmr/m/n/10 (\OML/cmm/m/it/10 A\OT1/cmr/
m/n/10 (\OT1/cmr/bx/n/10 u[]\OT1/cmr/m/n/10 )\OML/cmm/m/it/10 ^^Z[]; \OMS/cmsy/
m/n/10 j\OT1/cmr/bx/n/10 u[]\OMS/cmsy/m/n/10 j[]\OT1/cmr/m/n/10 ) = 0\OML/cmm/m
/it/10 :
 []


Overfull \hbox (3.81992pt too wide) detected at line 257
[][][][]\OML/cmm/m/it/10 ; \OT1/cmr/m/n/10 1[] \OMS/cmsy/m/n/10 ^^@ \OT1/cmr/m/
n/10 (\OML/cmm/m/it/10 p\OT1/cmr/m/n/10 (\OML/cmm/m/it/10 ^^Z[]\OT1/cmr/m/n/10 
)\OML/cmm/m/it/10 ; [] \OT1/cmr/bx/n/10 u[]\OT1/cmr/m/n/10 ) \OMS/cmsy/m/n/10 ^
^T \OT1/cmr/m/n/10 0\OML/cmm/m/it/10 :
 []

[4]
Underfull \hbox (badness 3417) in paragraph at lines 259--260
[]\T2A/cmr/m/n/10 „тобы оце-нить вто-рой член в ле-вой ча-сти
 []


Underfull \hbox (badness 1789) in paragraph at lines 259--260
\T2A/cmr/m/n/10 нера-вен-ства (28), при-ме-ним дис-крет-ный ана-лог
 []


Underfull \hbox (badness 10000) in paragraph at lines 259--260
\T2A/cmr/m/n/10 ре-нор-ма-ли-зо-ван-но-го урав-не-ни€ нераз-рыв-но-сти
 []


Overfull \hbox (54.1557pt too wide) detected at line 267
\OT1/cmr/m/n/10 ^^E(\OML/cmm/m/it/10 ^^Z[]\OT1/cmr/m/n/10 ) \OMS/cmsy/m/n/10 ^^
@ \OT1/cmr/m/n/10 ^^E(\OML/cmm/m/it/10 ^^Z[]\OT1/cmr/m/n/10 ) = [](\OML/cmm/m/i
t/10 ^^Z[]\OT1/cmr/m/n/10 )(\OML/cmm/m/it/10 ^^Z[] \OMS/cmsy/m/n/10 ^^@ \OML/cm
m/m/it/10 ^^Z[]\OT1/cmr/m/n/10 ) \OMS/cmsy/m/n/10 ^^@ [][]\OT1/cmr/m/n/10 ([])(
\OML/cmm/m/it/10 ^^Z[] \OMS/cmsy/m/n/10 ^^@ \OML/cmm/m/it/10 ^^Z[]\OT1/cmr/m/n/
10 )[]\OML/cmm/m/it/10 ;
 []


Overfull \hbox (74.48103pt too wide) detected at line 288
[][]
 []


Overfull \hbox (104.19861pt too wide) detected at line 328
[][] \OT1/cmr/m/n/10 + \OML/cmm/m/it/10 A\OT1/cmr/m/n/10 (\OT1/cmr/bx/n/10 u[]\
OT1/cmr/m/n/10 )(\OML/cmm/m/it/10 ^^Z[]\OT1/cmr/bx/n/10 u[]\OT1/cmr/m/n/10 ) + 
[] \OML/cmm/m/it/10 p\OT1/cmr/m/n/10 (\OML/cmm/m/it/10 ^^Z[]\OT1/cmr/m/n/10 ) =
 0\OML/cmm/m/it/10 ;  n \OT1/cmr/m/n/10 = 0\OML/cmm/m/it/10 ; \OT1/cmr/m/n/10 1
\OML/cmm/m/it/10 ; [] ; N \OMS/cmsy/m/n/10 ^^@ \OT1/cmr/m/n/10 1\OML/cmm/m/it/1
0 :
 []


Underfull \hbox (badness 2302) in paragraph at lines 330--331
\T2A/cmr/m/n/10 мы вы-чис-л€-ем плот-ность на но-вом вре-мен-ном
 []

[5]
Underfull \hbox (badness 2134) in paragraph at lines 338--338
[]\T2A/cmr/bx/n/12 »терационна€ схе-ма рас-щеп-ле-
 []


Overfull \hbox (113.9255pt too wide) detected at line 351
[][] \OT1/cmr/m/n/10 + \OML/cmm/m/it/10 A\OT1/cmr/m/n/10 (\OT1/cmr/bx/n/10 u[]\
OT1/cmr/m/n/10 )(\OML/cmm/m/it/10 ^^Z[]\OT1/cmr/bx/n/10 u[]\OT1/cmr/m/n/10 ) + 
[] \OML/cmm/m/it/10 p\OT1/cmr/m/n/10 (\OML/cmm/m/it/10 ^^Z[]\OT1/cmr/m/n/10 ) =
 0\OML/cmm/m/it/10 ;  k \OT1/cmr/m/n/10 = 0\OML/cmm/m/it/10 ; \OT1/cmr/m/n/10 1
\OML/cmm/m/it/10 ; [] ; K \OMS/cmsy/m/n/10 ^^@ \OT1/cmr/m/n/10 1\OML/cmm/m/it/1
0 ;
 []


Overfull \hbox (1.0904pt too wide) detected at line 368
\OT1/cmr/m/n/10 
 = \OMS/cmsy/m/n/10 f\OT1/cmr/bx/n/10 x \OMS/cmsy/m/n/10 j \OT1/cmr/bx/n/10 x \
OT1/cmr/m/n/10 = (\OML/cmm/m/it/10 x[]; x[]\OT1/cmr/m/n/10 )\OML/cmm/m/it/10 ; 
 \OMS/cmsy/m/n/10 ^^@\OT1/cmr/m/n/10 5 \OML/cmm/m/it/10 < x[] < \OT1/cmr/m/n/10
 5\OML/cmm/m/it/10 ;  \OMS/cmsy/m/n/10 ^^@\OT1/cmr/m/n/10 5 \OML/cmm/m/it/10 < 
x[] < \OT1/cmr/m/n/10 5\OMS/cmsy/m/n/10 g\OML/cmm/m/it/10 :
 []


Underfull \hbox (badness 1708) in paragraph at lines 401--402
[]\T2A/cmr/m/n/10 –ассматриваемые не€в-ные схе-мы от-но-с€т-с€ к
 []

[6]
<fig1.png, id=35, 455.45157pt x 559.33969pt>
File: fig1.png Graphic file (type png)
<use fig1.png>
Package pdftex.def Info: fig1.png  used on input line 412.
(pdftex.def)             Requested size: 236.84843pt x 290.87538pt.
<fig2.png, id=37, 671.50874pt x 423.08063pt>
File: fig2.png Graphic file (type png)
<use fig2.png>
Package pdftex.def Info: fig2.png  used on input line 419.
(pdftex.def)             Requested size: 236.84843pt x 149.22308pt.

Underfull \vbox (badness 10000) has occurred while \output is active []

<fig3.png, id=38, 642.90187pt x 382.42876pt>
File: fig3.png Graphic file (type png)
<use fig3.png>
Package pdftex.def Info: fig3.png  used on input line 426.
(pdftex.def)             Requested size: 236.84843pt x 140.88954pt.
<fig4.png, id=39, 633.86812pt x 383.93437pt>
File: fig4.png Graphic file (type png)
<use fig4.png>
Package pdftex.def Info: fig4.png  used on input line 433.
(pdftex.def)             Requested size: 236.84843pt x 143.45949pt.
<fig5.png, id=40, 650.43pt x 380.92313pt>
File: fig5.png Graphic file (type png)
<use fig5.png>
Package pdftex.def Info: fig5.png  used on input line 440.
(pdftex.def)             Requested size: 236.84843pt x 138.70737pt.

Underfull \vbox (badness 10000) has occurred while \output is active []

 [7 <./fig1.png> <./fig2.png> <./fig3.png> <./fig4.png>]
<fig6.png, id=50, 653.44125pt x 380.17032pt>
File: fig6.png Graphic file (type png)
<use fig6.png>
Package pdftex.def Info: fig6.png  used on input line 447.
(pdftex.def)             Requested size: 236.84843pt x 137.79515pt.
<fig7.png, id=51, 640.64343pt x 390.70969pt>
File: fig7.png Graphic file (type png)
<use fig7.png>
Package pdftex.def Info: fig7.png  used on input line 459.
(pdftex.def)             Requested size: 236.84843pt x 144.44704pt.

Underfull \vbox (badness 10000) has occurred while \output is active []

<fig8.png, id=52, 638.385pt x 384.6872pt>
File: fig8.png Graphic file (type png)
<use fig8.png>
Package pdftex.def Info: fig8.png  used on input line 466.
(pdftex.def)             Requested size: 236.84843pt x 142.72531pt.
<fig9.png, id=53, 648.92438pt x 394.47375pt>
File: fig9.png Graphic file (type png)
<use fig9.png>
Package pdftex.def Info: fig9.png  used on input line 473.
(pdftex.def)             Requested size: 236.84843pt x 143.97269pt.

Underfull \hbox (badness 2221) in paragraph at lines 478--479
[]\T2A/cmr/m/n/10 ќсновной вы-вод на-ше-го ис-сле-до-ва-ни€ ^^V де-
 []

[8 <./fig5.png> <./fig6.png> <./fig7.png> <./fig8.png> <./fig9.png>]
<fig10.png, id=62, 637.63219pt x 380.17032pt>
File: fig10.png Graphic file (type png)
<use fig10.png>
Package pdftex.def Info: fig10.png  used on input line 486.
(pdftex.def)             Requested size: 236.84843pt x 141.2119pt.
<fig11.png, id=63, 633.86812pt x 383.93437pt>
File: fig11.png Graphic file (type png)
<use fig11.png>
Package pdftex.def Info: fig11.png  used on input line 493.
(pdftex.def)             Requested size: 236.84843pt x 143.45949pt.
<fig12.png, id=64, 648.17157pt x 380.17032pt>
File: fig12.png Graphic file (type png)
<use fig12.png>
Package pdftex.def Info: fig12.png  used on input line 500.
(pdftex.def)             Requested size: 236.84843pt x 138.92053pt.

Underfull \vbox (badness 10000) has occurred while \output is active []


Overfull \hbox (2.16115pt too wide) detected at line 507
\OML/cmm/m/it/10 E\OT1/cmr/m/n/10 (\OML/cmm/m/it/10 t[]\OT1/cmr/m/n/10 ) = [][]
 [] \OML/cmm/m/it/10 d\OT1/cmr/bx/n/10 x\OML/cmm/m/it/10 ;  n \OT1/cmr/m/n/10 =
 0\OML/cmm/m/it/10 ; \OT1/cmr/m/n/10 1\OML/cmm/m/it/10 ; [] ; N:
 []

[9 <./fig10.png> <./fig11.png> <./fig12.png>] (translation.aux)
 ***********
LaTeX2e <2023-11-01> patch level 1
L3 programming layer <2024-01-04>
 ***********


LaTeX Warning: There were undefined references.

 ) 
Here is how much of TeX's memory you used:
 5397 strings out of 474486
 81976 string characters out of 5753574
 1950542 words of memory out of 5000000
 27617 multiletter control sequences out of 15000+600000
 573033 words of font info for 75 fonts, out of 8000000 for 9000
 1141 hyphenation exceptions out of 8191
 57i,9n,65p,4176b,258s stack positions out of 10000i,1000n,20000p,200000b,200000s
 <C:\Users\Asus\AppData\Local\MiKTeX\fonts/pk/ljfour/jknappen/ec/dpi600\tcrm1
000.pk> <C:\Users\Asus\AppData\Local\MiKTeX\fonts/pk/ljfour/lh/lh-t2a/dpi600\la
ti1000.pk> <C:\Users\Asus\AppData\Local\MiKTeX\fonts/pk/ljfour/lh/lh-t2a/dpi600
\labx1200.pk> <C:\Users\Asus\AppData\Local\MiKTeX\fonts/pk/ljfour/lh/lh-t2a/dpi
600\labx1000.pk> <C:\Users\Asus\AppData\Local\MiKTeX\fonts/pk/ljfour/lh/lh-t2a/
dpi600\larm1000.pk> <C:\Users\Asus\AppData\Local\MiKTeX\fonts/pk/ljfour/lh/lh-t
2a/dpi600\labx1440.pk> <C:\Users\Asus\AppData\Local\MiKTeX\fonts/pk/ljfour/lh/l
h-t2a/dpi600\larm1200.pk> <C:\Users\Asus\AppData\Local\MiKTeX\fonts/pk/ljfour/l
h/lh-t2a/dpi600\labx1728.pk><C:/Program Files/MiKTeX/fonts/type1/public/amsfont
s/cm/cmbx10.pfb><C:/Program Files/MiKTeX/fonts/type1/public/amsfonts/cm/cmex10.
pfb><C:/Program Files/MiKTeX/fonts/type1/public/amsfonts/cm/cmmi10.pfb><C:/Prog
ram Files/MiKTeX/fonts/type1/public/amsfonts/cm/cmmi7.pfb><C:/Program Files/MiK
TeX/fonts/type1/public/amsfonts/cm/cmr10.pfb><C:/Program Files/MiKTeX/fonts/typ
e1/public/amsfonts/cm/cmr7.pfb><C:/Program Files/MiKTeX/fonts/type1/public/amsf
onts/cm/cmsy10.pfb><C:/Program Files/MiKTeX/fonts/type1/public/amsfonts/cm/cmsy
7.pfb>
Output written on translation.pdf (9 pages, 1667008 bytes).
PDF statistics:
 388 PDF objects out of 1000 (max. 8388607)
 0 named destinations out of 1000 (max. 500000)
 61 words of extra memory for PDF output out of 10000 (max. 10000000)

